#
# A fatal error has been detected by the Java Runtime Environment:
#
#  EXCEPTION_ACCESS_VIOLATION (0xc0000005) at pc=0x00007ffb47e966d8, pid=27652, tid=17820
#
# JRE version: OpenJDK Runtime Environment Temurin-21.0.7+6 (21.0.7+6) (build 21.0.7+6-LTS)
# Java VM: OpenJDK 64-Bit Server VM Temurin-21.0.7+6 (21.0.7+6-LTS, mixed mode, sharing, tiered, compressed oops, compressed class ptrs, g1 gc, windows-amd64)
# Problematic frame:
# C  [bgfx.dll+0x166d8]
#
# No core dump will be written. Minidumps are not enabled by default on client versions of Windows
#
# If you would like to submit a bug report, please visit:
#   https://github.com/adoptium/adoptium-support/issues
# The crash happened outside the Java Virtual Machine in native code.
# See problematic frame for where to report the bug.
#

---------------  S U M M A R Y ------------

Command Line: -Dfile.encoding=UTF-8 -Duser.country=AU -Duser.language=en -Duser.variant engine.strata.core.Window

Host: AMD Ryzen 7 7800X3D 8-Core Processor           , 16 cores, 31G,  Windows 11 , 64 bit Build 26100 (10.0.26100.7623)
Time: Wed Jan 21 13:53:01 2026 Cen. Australia Summer Time elapsed time: 0.152775 seconds (0d 0h 0m 0s)

---------------  T H R E A D  ---------------

Current thread (0x000001b28e4d93b0):  JavaThread "main"             [_thread_in_native, id=17820, stack(0x000000479a100000,0x000000479a200000) (1024K)]

Stack: [0x000000479a100000,0x000000479a200000],  sp=0x000000479a1feed8,  free space=1019k
Native frames: (J=compiled Java code, j=interpreted, Vv=VM code, C=native code)
C  [bgfx.dll+0x166d8]

Java frames: (J=compiled Java code, j=interpreted, Vv=VM code)
j  org.lwjgl.system.JNI.invokeCCUV(SSIFBJ)V+0
j  org.lwjgl.bgfx.BGFX.nbgfx_set_view_clear(SSIFB)V+13
j  org.lwjgl.bgfx.BGFX.bgfx_set_view_clear(IIIFI)V+9
j  engine.strata.core.Window.init()V+116
j  engine.strata.core.Window.run()V+1
j  engine.strata.core.Window.main([Ljava/lang/String;)V+7
v  ~StubRoutines::call_stub 0x000001b29e0210e7

siginfo: EXCEPTION_ACCESS_VIOLATION (0xc0000005), writing address 0x0000000003340d0e


Registers:
RAX=0x0000000000000044, RBX=0x000001b2f549f0b8, RCX=0x0000000000000000, RDX=0x0000000000000003
RSP=0x000000479a1feed8, RBP=0x000000479a1fef80, RSI=0x000001b2f514ca10, RDI=0x0000000000000080
R8 =0x00000000443355ff, R9 =0x0000000000000000, R10=0x000001b29e02cf1c, R11=0x000000062ce43538
R12=0x0000000000000000, R13=0x000001b2f549f0b8, R14=0x000000479a1fefd0, R15=0x000001b28e4d93b0
RIP=0x00007ffb47e966d8, EFLAGS=0x0000000000010216

XMM[0]=0x4128244489f0468b 0x41f84e8b45068b45
XMM[1]=0x4128244489f0468b 0x41f84e8b45068b45
XMM[2]=0x2525252525252525 0x2525252525252525
XMM[3]=0x0000000000000000 0x000000003f800000
XMM[4]=0x002e003900330031 0x0030003000300030
XMM[5]=0xd0468b4938244489 0xe0468b4130244489
XMM[6]=0x0000000000000000 0x0000000000000000
XMM[7]=0x0000000000000000 0x0000000000000000
XMM[8]=0x0000000000000000 0x0000000000000000
XMM[9]=0x0000000000000000 0x0000000000000000
XMM[10]=0x0000000000000000 0x0000000000000000
XMM[11]=0x0000000000000000 0x0000000000000000
XMM[12]=0x0000000000000000 0x0000000000000000
XMM[13]=0x0000000000000000 0x0000000000000000
XMM[14]=0x0000000000000000 0x0000000000000000
XMM[15]=0x0000000000000000 0x0000000000000000
  MXCSR=0x00001fa0


Register to memory mapping:

RAX=0x0000000000000044 is an unknown value
RBX={method} {0x000001b2f549f0c0} 'invokeCCUV' '(SSIFBJ)V' in 'org/lwjgl/system/JNI'
RCX=0x0 is null
RDX=0x0000000000000003 is an unknown value
RSP=0x000000479a1feed8 is pointing into the stack for thread: 0x000001b28e4d93b0
RBP=0x000000479a1fef80 is pointing into the stack for thread: 0x000001b28e4d93b0
RSI=0x000001b2f514ca10 is pointing into metadata
RDI=0x0000000000000080 is an unknown value
R8 =0x00000000443355ff is an unknown value
R9 =0x0 is null
R10=0x000001b29e02cf1c is at code_begin+1020 in an Interpreter codelet
native method entry point (kind = native)  [0x000001b29e02cb20, 0x000001b29e02d748]  3112 bytes
R11=0x000000062ce43538 is an oop: java.lang.Class 
{0x000000062ce43538} - klass: 'java/lang/Class'
 - ---- fields (total size 14 words):
 - private volatile transient 'classRedefinedCount' 'I' @12  0 (0x00000000)
 - injected 'klass' 'J' @16  1867035765480 (0x000001b2b400eae8)
 - injected 'array_klass' 'J' @24  0 (0x0000000000000000)
 - injected 'oop_size' 'I' @32  14 (0x0000000e)
 - injected 'static_oop_field_count' 'I' @36  0 (0x00000000)
 - private volatile transient 'cachedConstructor' 'Ljava/lang/reflect/Constructor;' @40  null (0x00000000)
 - private transient 'name' 'Ljava/lang/String;' @44  "org.lwjgl.system.JNI"{0x000000062ce435b8} (0xc59c86b7)
 - private transient 'module' 'Ljava/lang/Module;' @48  a 'java/lang/Module'{0x000000062d066040} (0xc5a0cc08)
 - private final 'classLoader' 'Ljava/lang/ClassLoader;' @52  a 'jdk/internal/loader/ClassLoaders$AppClassLoader'{0x000000062d065e80} (0xc5a0cbd0)
 - private transient 'classData' 'Ljava/lang/Object;' @56  null (0x00000000)
 - private transient 'packageName' 'Ljava/lang/String;' @60  "org.lwjgl.system"{0x000000062d2e0f70} (0xc5a5c1ee)
 - private final 'componentType' 'Ljava/lang/Class;' @64  null (0x00000000)
 - private volatile transient 'reflectionData' 'Ljava/lang/ref/SoftReference;' @68  null (0x00000000)
 - private volatile transient 'genericInfo' 'Lsun/reflect/generics/repository/ClassRepository;' @72  null (0x00000000)
 - private volatile transient 'enumConstants' '[Ljava/lang/Object;' @76  null (0x00000000)
 - private volatile transient 'enumConstantDirectory' 'Ljava/util/Map;' @80  null (0x00000000)
 - private volatile transient 'annotationData' 'Ljava/lang/Class$AnnotationData;' @84  null (0x00000000)
 - private volatile transient 'annotationType' 'Lsun/reflect/annotation/AnnotationType;' @88  null (0x00000000)
 - transient 'classValueMap' 'Ljava/lang/ClassValue$ClassValueMap;' @92  null (0x00000000)
 - injected 'protection_domain' 'Ljava/lang/Object;' @96  a 'java/security/ProtectionDomain'{0x000000062d3e6f78} (0xc5a7cdef)
 - injected 'signers_name' 'Ljava/lang/Object;' @100  null (0x00000000)
 - injected 'source_file' 'Ljava/lang/Object;' @104  null (0x00000000)
 - injected '<init_lock>' 'Ljava/lang/Object;' @108  null (0x00000000)
 - signature: Lorg/lwjgl/system/JNI;
 - ---- static fields (0):
R12=0x0 is null
R13={method} {0x000001b2f549f0c0} 'invokeCCUV' '(SSIFBJ)V' in 'org/lwjgl/system/JNI'
R14=0x000000479a1fefd0 is pointing into the stack for thread: 0x000001b28e4d93b0
R15=0x000001b28e4d93b0 is a thread

Top of Stack: (sp=0x000000479a1feed8)
0x000000479a1feed8:   000001b29e02cf4b 000001b28e4d93b0
0x000000479a1feee8:   0000000000000080 000001b2f549f0b8
0x000000479a1feef8:   000000479a1fefd0 0000000044335500
0x000000479a1fef08:   000001b23f800000 000001b200000000
0x000000479a1fef18:   00007ffb47e966c0 0000000000000000
0x000000479a1fef28:   00007ffb1abd1f99 000001b29e02cbdf
0x000000479a1fef38:   000000479a1fef38 000001b2f549f0b8
0x000000479a1fef48:   000000000000000a 000001b2f54d2230
0x000000479a1fef58:   0000000000000000 000000062ce43538
0x000000479a1fef68:   000001b2f549f0b8 0000000000000000
0x000000479a1fef78:   000000479a1fefa0 000000479a1ff020
0x000000479a1fef88:   000001b29e028860 000000062ce43538
0x000000479a1fef98:   000001b29e02a3d7 00007ffb47e966c0
0x000000479a1fefa8:   0000000000000000 0000000000000000
0x000000479a1fefb8:   000000003f800000 00000000443355ff
0x000000479a1fefc8:   0000000000000003 0000000000000000
0x000000479a1fefd8:   000000479a1fefd8 000001b2f54f4ecd
0x000000479a1fefe8:   0000000000000008 000001b2f5508000
0x000000479a1feff8:   0000000000000000 000000062ce81f10
0x000000479a1ff008:   000001b2f54f4f28 000000479a1fefa0
0x000000479a1ff018:   000000479a1ff040 000000479a1ff0b0
0x000000479a1ff028:   000001b29e028860 00007ffb47e966c0
0x000000479a1ff038:   0000000000000000 0000000000000000
0x000000479a1ff048:   000001b23f800000 00000000443355ff
0x000000479a1ff058:   0000000000000003 0000000000000000
0x000000479a1ff068:   000000479a1ff068 000001b2f54f4fc1
0x000000479a1ff078:   0000000000000006 000001b2f5508000
0x000000479a1ff088:   0000000000000000 000000062ce81f10
0x000000479a1ff098:   000001b2f54f5018 000000479a1ff040
0x000000479a1ff0a8:   000000479a1ff0c0 000000479a1ff130
0x000000479a1ff0b8:   000001b29e028860 0000000000000000
0x000000479a1ff0c8:   000000473f800000 00000000443355ff 

Instructions: (pc=0x00007ffb47e966d8)
0x00007ffb47e965d8:   0e 00 48 8d 8e c0 01 00 00 e8 ea a1 06 00 48 8b
0x00007ffb47e965e8:   c7 48 8d 8e 88 11 28 03 48 c1 e0 05 48 8d 54 24
0x00007ffb47e965f8:   20 48 03 c8 e8 ff 9b ff ff b8 0a 00 00 00 66 89
0x00007ffb47e96608:   7c 24 40 66 89 44 24 42 4c 8d 44 24 20 8b 54 24
0x00007ffb47e96618:   40 48 8b ce e8 8f 9f ff ff 48 8d 8e c0 01 00 00
0x00007ffb47e96628:   e8 b3 a1 06 00 48 8b 5c 24 48 48 8b 74 24 50 48
0x00007ffb47e96638:   83 c4 30 5f c3 cc cc cc 0f b7 44 24 28 66 89 44
0x00007ffb47e96648:   24 28 e9 41 a8 ff ff cc 40 53 48 83 ec 20 48 8b
0x00007ffb47e96658:   05 c3 0c 0e 00 8b d9 48 83 b8 d8 03 00 00 00 75
0x00007ffb47e96668:   22 ba 40 15 00 00 4c 8d 0d eb 46 0a 00 45 33 c0
0x00007ffb47e96678:   48 8d 0d 39 3e 0a 00 e8 4c 2c ff ff 48 8b 05 95
0x00007ffb47e96688:   0c 0e 00 48 8b 80 d8 03 00 00 c6 80 a5 00 00 00
0x00007ffb47e96698:   ff c7 40 40 00 00 00 00 c7 40 44 ff ff ff ff 89
0x00007ffb47e966a8:   98 d0 01 00 00 48 83 c4 20 5b c3 cc cc cc cc cc
0x00007ffb47e966b8:   cc cc cc cc cc cc cc cc 0f b7 c1 48 8b 0d 56 0c
0x00007ffb47e966c8:   0e 00 4c 8d 0c 40 41 8b c0 49 c1 e1 06 c1 e8 18
0x00007ffb47e966d8:   66 41 89 94 09 0e 0d 34 03 41 88 84 09 00 0d 34
0x00007ffb47e966e8:   03 41 8b c0 c1 e8 10 41 88 84 09 01 0d 34 03 41
0x00007ffb47e966f8:   8b c0 c1 e8 08 41 88 84 09 02 0d 34 03 0f b6 44
0x00007ffb47e96708:   24 28 45 88 84 09 03 0d 34 03 41 88 84 09 0c 0d
0x00007ffb47e96718:   34 03 c4 c1 7a 11 9c 09 08 0d 34 03 c3 cc cc cc
0x00007ffb47e96728:   cc cc cc cc cc cc cc cc 48 89 5c 24 08 48 89 6c
0x00007ffb47e96738:   24 10 48 89 74 24 18 48 89 7c 24 20 41 54 41 55
0x00007ffb47e96748:   41 56 41 57 4c 8b 35 cd 0b 0e 00 0f b7 ea 0f b6
0x00007ffb47e96758:   74 24 48 45 0f b6 e1 0f b6 7c 24 50 44 0f b6 d6
0x00007ffb47e96768:   0f b6 5c 24 58 44 22 d7 44 0f b6 5c 24 60 44 22
0x00007ffb47e96778:   d3 44 0f b6 4c 24 68 45 22 d3 44 0f b6 44 24 70
0x00007ffb47e96788:   45 22 d1 0f b6 54 24 78 45 22 d0 44 22 d2 0f b7
0x00007ffb47e96798:   c1 0f b6 8c 24 80 00 00 00 41 bd 01 80 00 00 44
0x00007ffb47e967a8:   22 d1 4c 8d 3c 40 33 c0 49 c1 e7 06 41 80 fa ff
0x00007ffb47e967b8:   41 ba fe ff 00 00 66 41 0f 45 c5 66 41 23 ea 66
0x00007ffb47e967c8:   0b c5 48 8b 6c 24 30 66 43 89 84 37 0e 0d 34 03 


Stack slot to memory mapping:

stack at sp + 0 slots: 0x000001b29e02cf4b is at code_begin+1067 in an Interpreter codelet
native method entry point (kind = native)  [0x000001b29e02cb20, 0x000001b29e02d748]  3112 bytes
stack at sp + 1 slots: 0x000001b28e4d93b0 is a thread
stack at sp + 2 slots: 0x0000000000000080 is an unknown value
stack at sp + 3 slots: {method} {0x000001b2f549f0c0} 'invokeCCUV' '(SSIFBJ)V' in 'org/lwjgl/system/JNI'
stack at sp + 4 slots: 0x000000479a1fefd0 is pointing into the stack for thread: 0x000001b28e4d93b0
stack at sp + 5 slots: 0x0000000044335500 is an unknown value
stack at sp + 6 slots: 0x000001b23f800000 is an unknown value
stack at sp + 7 slots: 0x000001b200000000 is an unknown value


---------------  P R O C E S S  ---------------

Threads class SMR info:
_java_thread_list=0x000001b2f45c57a0, length=15, elements={
0x000001b28e4d93b0, 0x000001b2b01c64b0, 0x000001b2b01cd110, 0x000001b2b01d42f0,
0x000001b2b01d5080, 0x000001b2b01d8710, 0x000001b2b01dbb90, 0x000001b2b01eaa20,
0x000001b2f40a1fc0, 0x000001b2b01fdd20, 0x000001b2f420ac00, 0x000001b2b01d8da0,
0x000001b2b01d9ac0, 0x000001b2f4444ae0, 0x000001b2f459b000
}

Java Threads: ( => current thread )
=>0x000001b28e4d93b0 JavaThread "main"                              [_thread_in_native, id=17820, stack(0x000000479a100000,0x000000479a200000) (1024K)]
  0x000001b2b01c64b0 JavaThread "Reference Handler"          daemon [_thread_blocked, id=24492, stack(0x000000479a900000,0x000000479aa00000) (1024K)]
  0x000001b2b01cd110 JavaThread "Finalizer"                  daemon [_thread_blocked, id=17576, stack(0x000000479aa00000,0x000000479ab00000) (1024K)]
  0x000001b2b01d42f0 JavaThread "Signal Dispatcher"          daemon [_thread_blocked, id=21856, stack(0x000000479ab00000,0x000000479ac00000) (1024K)]
  0x000001b2b01d5080 JavaThread "Attach Listener"            daemon [_thread_blocked, id=4360, stack(0x000000479ac00000,0x000000479ad00000) (1024K)]
  0x000001b2b01d8710 JavaThread "Service Thread"             daemon [_thread_blocked, id=18088, stack(0x000000479ad00000,0x000000479ae00000) (1024K)]
  0x000001b2b01dbb90 JavaThread "Monitor Deflation Thread"   daemon [_thread_blocked, id=9528, stack(0x000000479ae00000,0x000000479af00000) (1024K)]
  0x000001b2b01eaa20 JavaThread "C2 CompilerThread0"         daemon [_thread_blocked, id=25356, stack(0x000000479af00000,0x000000479b000000) (1024K)]
  0x000001b2f40a1fc0 JavaThread "C1 CompilerThread0"         daemon [_thread_blocked, id=22944, stack(0x000000479b000000,0x000000479b100000) (1024K)]
  0x000001b2b01fdd20 JavaThread "C1 CompilerThread1"         daemon [_thread_blocked, id=8992, stack(0x000000479b100000,0x000000479b200000) (1024K)]
  0x000001b2f420ac00 JavaThread "C1 CompilerThread2"         daemon [_thread_blocked, id=24152, stack(0x000000479b200000,0x000000479b300000) (1024K)]
  0x000001b2b01d8da0 JavaThread "Notification Thread"        daemon [_thread_blocked, id=28496, stack(0x000000479b300000,0x000000479b400000) (1024K)]
  0x000001b2b01d9ac0 JavaThread "Common-Cleaner"             daemon [_thread_blocked, id=25380, stack(0x000000479b400000,0x000000479b500000) (1024K)]
  0x000001b2f4444ae0 JavaThread "C2 CompilerThread1"         daemon [_thread_blocked, id=18340, stack(0x000000479b500000,0x000000479b600000) (1024K)]
  0x000001b2f459b000 JavaThread "C1 CompilerThread3"         daemon [_thread_blocked, id=2632, stack(0x000000479b900000,0x000000479ba00000) (1024K)]
Total: 15

Other Threads:
  0x000001b2b01ae5a0 VMThread "VM Thread"                           [id=22332, stack(0x000000479a800000,0x000000479a900000) (1024K)]
  0x000001b2f4080090 WatcherThread "VM Periodic Task Thread"        [id=10796, stack(0x000000479a700000,0x000000479a800000) (1024K)]
  0x000001b28e57ee10 WorkerThread "GC Thread#0"                     [id=22200, stack(0x000000479a200000,0x000000479a300000) (1024K)]
  0x000001b28e58c7c0 ConcurrentGCThread "G1 Main Marker"            [id=4300, stack(0x000000479a300000,0x000000479a400000) (1024K)]
  0x000001b2b0042ed0 WorkerThread "G1 Conc#0"                       [id=17952, stack(0x000000479a400000,0x000000479a500000) (1024K)]
  0x000001b2b00e7b20 ConcurrentGCThread "G1 Refine#0"               [id=25464, stack(0x000000479a500000,0x000000479a600000) (1024K)]
  0x000001b2b00e9540 ConcurrentGCThread "G1 Service"                [id=24564, stack(0x000000479a600000,0x000000479a700000) (1024K)]
Total: 7

Threads with active compile tasks:
Total: 0

VM state: not at safepoint (normal execution)

VM Mutex/Monitor currently owned by a thread: None

Heap address: 0x000000060e000000, size: 7968 MB, Compressed Oops mode: Zero based, Oop shift amount: 3

CDS archive(s) mapped at: [0x000001b2b3000000-0x000001b2b3c80000-0x000001b2b3c80000), size 13107200, SharedBaseAddress: 0x000001b2b3000000, ArchiveRelocationMode: 1.
Compressed class space mapped at: 0x000001b2b4000000-0x000001b2f4000000, reserved size: 1073741824
Narrow klass base: 0x000001b2b3000000, Narrow klass shift: 0, Narrow klass range: 0x100000000

GC Precious Log:
 CardTable entry size: 512
 Card Set container configuration: InlinePtr #cards 4 size 8 Array Of Cards #cards 32 size 80 Howl #buckets 8 coarsen threshold 7372 Howl Bitmap #cards 1024 size 144 coarsen threshold 921 Card regions per heap region 1 cards per card region 8192
 CPUs: 16 total, 16 available
 Memory: 31861M
 Large Page Support: Disabled
 NUMA Support: Disabled
 Compressed Oops: Enabled (Zero based)
 Heap Region Size: 4M
 Heap Min Capacity: 8M
 Heap Initial Capacity: 500M
 Heap Max Capacity: 7968M
 Pre-touch: Disabled
 Parallel Workers: 13
 Concurrent Workers: 3
 Concurrent Refinement Workers: 13
 Periodic GC: Disabled

Heap:
 garbage-first heap   total 512000K, used 4096K [0x000000060e000000, 0x0000000800000000)
  region size 4096K, 2 young (8192K), 0 survivors (0K)
 Metaspace       used 2676K, committed 2816K, reserved 1114112K
  class space    used 174K, committed 256K, reserved 1048576K

Heap Regions: E=young(eden), S=young(survivor), O=old, HS=humongous(starts), HC=humongous(continues), CS=collection set, F=free, TAMS=top-at-mark-start, PB=parsable bottom
|   0|0x000000060e000000, 0x000000060e000000, 0x000000060e400000|  0%| F|  |TAMS 0x000000060e000000| PB 0x000000060e000000| Untracked 
|   1|0x000000060e400000, 0x000000060e400000, 0x000000060e800000|  0%| F|  |TAMS 0x000000060e400000| PB 0x000000060e400000| Untracked 
|   2|0x000000060e800000, 0x000000060e800000, 0x000000060ec00000|  0%| F|  |TAMS 0x000000060e800000| PB 0x000000060e800000| Untracked 
|   3|0x000000060ec00000, 0x000000060ec00000, 0x000000060f000000|  0%| F|  |TAMS 0x000000060ec00000| PB 0x000000060ec00000| Untracked 
|   4|0x000000060f000000, 0x000000060f000000, 0x000000060f400000|  0%| F|  |TAMS 0x000000060f000000| PB 0x000000060f000000| Untracked 
|   5|0x000000060f400000, 0x000000060f400000, 0x000000060f800000|  0%| F|  |TAMS 0x000000060f400000| PB 0x000000060f400000| Untracked 
|   6|0x000000060f800000, 0x000000060f800000, 0x000000060fc00000|  0%| F|  |TAMS 0x000000060f800000| PB 0x000000060f800000| Untracked 
|   7|0x000000060fc00000, 0x000000060fc00000, 0x0000000610000000|  0%| F|  |TAMS 0x000000060fc00000| PB 0x000000060fc00000| Untracked 
|   8|0x0000000610000000, 0x0000000610000000, 0x0000000610400000|  0%| F|  |TAMS 0x0000000610000000| PB 0x0000000610000000| Untracked 
|   9|0x0000000610400000, 0x0000000610400000, 0x0000000610800000|  0%| F|  |TAMS 0x0000000610400000| PB 0x0000000610400000| Untracked 
|  10|0x0000000610800000, 0x0000000610800000, 0x0000000610c00000|  0%| F|  |TAMS 0x0000000610800000| PB 0x0000000610800000| Untracked 
|  11|0x0000000610c00000, 0x0000000610c00000, 0x0000000611000000|  0%| F|  |TAMS 0x0000000610c00000| PB 0x0000000610c00000| Untracked 
|  12|0x0000000611000000, 0x0000000611000000, 0x0000000611400000|  0%| F|  |TAMS 0x0000000611000000| PB 0x0000000611000000| Untracked 
|  13|0x0000000611400000, 0x0000000611400000, 0x0000000611800000|  0%| F|  |TAMS 0x0000000611400000| PB 0x0000000611400000| Untracked 
|  14|0x0000000611800000, 0x0000000611800000, 0x0000000611c00000|  0%| F|  |TAMS 0x0000000611800000| PB 0x0000000611800000| Untracked 
|  15|0x0000000611c00000, 0x0000000611c00000, 0x0000000612000000|  0%| F|  |TAMS 0x0000000611c00000| PB 0x0000000611c00000| Untracked 
|  16|0x0000000612000000, 0x0000000612000000, 0x0000000612400000|  0%| F|  |TAMS 0x0000000612000000| PB 0x0000000612000000| Untracked 
|  17|0x0000000612400000, 0x0000000612400000, 0x0000000612800000|  0%| F|  |TAMS 0x0000000612400000| PB 0x0000000612400000| Untracked 
|  18|0x0000000612800000, 0x0000000612800000, 0x0000000612c00000|  0%| F|  |TAMS 0x0000000612800000| PB 0x0000000612800000| Untracked 
|  19|0x0000000612c00000, 0x0000000612c00000, 0x0000000613000000|  0%| F|  |TAMS 0x0000000612c00000| PB 0x0000000612c00000| Untracked 
|  20|0x0000000613000000, 0x0000000613000000, 0x0000000613400000|  0%| F|  |TAMS 0x0000000613000000| PB 0x0000000613000000| Untracked 
|  21|0x0000000613400000, 0x0000000613400000, 0x0000000613800000|  0%| F|  |TAMS 0x0000000613400000| PB 0x0000000613400000| Untracked 
|  22|0x0000000613800000, 0x0000000613800000, 0x0000000613c00000|  0%| F|  |TAMS 0x0000000613800000| PB 0x0000000613800000| Untracked 
|  23|0x0000000613c00000, 0x0000000613c00000, 0x0000000614000000|  0%| F|  |TAMS 0x0000000613c00000| PB 0x0000000613c00000| Untracked 
|  24|0x0000000614000000, 0x0000000614000000, 0x0000000614400000|  0%| F|  |TAMS 0x0000000614000000| PB 0x0000000614000000| Untracked 
|  25|0x0000000614400000, 0x0000000614400000, 0x0000000614800000|  0%| F|  |TAMS 0x0000000614400000| PB 0x0000000614400000| Untracked 
|  26|0x0000000614800000, 0x0000000614800000, 0x0000000614c00000|  0%| F|  |TAMS 0x0000000614800000| PB 0x0000000614800000| Untracked 
|  27|0x0000000614c00000, 0x0000000614c00000, 0x0000000615000000|  0%| F|  |TAMS 0x0000000614c00000| PB 0x0000000614c00000| Untracked 
|  28|0x0000000615000000, 0x0000000615000000, 0x0000000615400000|  0%| F|  |TAMS 0x0000000615000000| PB 0x0000000615000000| Untracked 
|  29|0x0000000615400000, 0x0000000615400000, 0x0000000615800000|  0%| F|  |TAMS 0x0000000615400000| PB 0x0000000615400000| Untracked 
|  30|0x0000000615800000, 0x0000000615800000, 0x0000000615c00000|  0%| F|  |TAMS 0x0000000615800000| PB 0x0000000615800000| Untracked 
|  31|0x0000000615c00000, 0x0000000615c00000, 0x0000000616000000|  0%| F|  |TAMS 0x0000000615c00000| PB 0x0000000615c00000| Untracked 
|  32|0x0000000616000000, 0x0000000616000000, 0x0000000616400000|  0%| F|  |TAMS 0x0000000616000000| PB 0x0000000616000000| Untracked 
|  33|0x0000000616400000, 0x0000000616400000, 0x0000000616800000|  0%| F|  |TAMS 0x0000000616400000| PB 0x0000000616400000| Untracked 
|  34|0x0000000616800000, 0x0000000616800000, 0x0000000616c00000|  0%| F|  |TAMS 0x0000000616800000| PB 0x0000000616800000| Untracked 
|  35|0x0000000616c00000, 0x0000000616c00000, 0x0000000617000000|  0%| F|  |TAMS 0x0000000616c00000| PB 0x0000000616c00000| Untracked 
|  36|0x0000000617000000, 0x0000000617000000, 0x0000000617400000|  0%| F|  |TAMS 0x0000000617000000| PB 0x0000000617000000| Untracked 
|  37|0x0000000617400000, 0x0000000617400000, 0x0000000617800000|  0%| F|  |TAMS 0x0000000617400000| PB 0x0000000617400000| Untracked 
|  38|0x0000000617800000, 0x0000000617800000, 0x0000000617c00000|  0%| F|  |TAMS 0x0000000617800000| PB 0x0000000617800000| Untracked 
|  39|0x0000000617c00000, 0x0000000617c00000, 0x0000000618000000|  0%| F|  |TAMS 0x0000000617c00000| PB 0x0000000617c00000| Untracked 
|  40|0x0000000618000000, 0x0000000618000000, 0x0000000618400000|  0%| F|  |TAMS 0x0000000618000000| PB 0x0000000618000000| Untracked 
|  41|0x0000000618400000, 0x0000000618400000, 0x0000000618800000|  0%| F|  |TAMS 0x0000000618400000| PB 0x0000000618400000| Untracked 
|  42|0x0000000618800000, 0x0000000618800000, 0x0000000618c00000|  0%| F|  |TAMS 0x0000000618800000| PB 0x0000000618800000| Untracked 
|  43|0x0000000618c00000, 0x0000000618c00000, 0x0000000619000000|  0%| F|  |TAMS 0x0000000618c00000| PB 0x0000000618c00000| Untracked 
|  44|0x0000000619000000, 0x0000000619000000, 0x0000000619400000|  0%| F|  |TAMS 0x0000000619000000| PB 0x0000000619000000| Untracked 
|  45|0x0000000619400000, 0x0000000619400000, 0x0000000619800000|  0%| F|  |TAMS 0x0000000619400000| PB 0x0000000619400000| Untracked 
|  46|0x0000000619800000, 0x0000000619800000, 0x0000000619c00000|  0%| F|  |TAMS 0x0000000619800000| PB 0x0000000619800000| Untracked 
|  47|0x0000000619c00000, 0x0000000619c00000, 0x000000061a000000|  0%| F|  |TAMS 0x0000000619c00000| PB 0x0000000619c00000| Untracked 
|  48|0x000000061a000000, 0x000000061a000000, 0x000000061a400000|  0%| F|  |TAMS 0x000000061a000000| PB 0x000000061a000000| Untracked 
|  49|0x000000061a400000, 0x000000061a400000, 0x000000061a800000|  0%| F|  |TAMS 0x000000061a400000| PB 0x000000061a400000| Untracked 
|  50|0x000000061a800000, 0x000000061a800000, 0x000000061ac00000|  0%| F|  |TAMS 0x000000061a800000| PB 0x000000061a800000| Untracked 
|  51|0x000000061ac00000, 0x000000061ac00000, 0x000000061b000000|  0%| F|  |TAMS 0x000000061ac00000| PB 0x000000061ac00000| Untracked 
|  52|0x000000061b000000, 0x000000061b000000, 0x000000061b400000|  0%| F|  |TAMS 0x000000061b000000| PB 0x000000061b000000| Untracked 
|  53|0x000000061b400000, 0x000000061b400000, 0x000000061b800000|  0%| F|  |TAMS 0x000000061b400000| PB 0x000000061b400000| Untracked 
|  54|0x000000061b800000, 0x000000061b800000, 0x000000061bc00000|  0%| F|  |TAMS 0x000000061b800000| PB 0x000000061b800000| Untracked 
|  55|0x000000061bc00000, 0x000000061bc00000, 0x000000061c000000|  0%| F|  |TAMS 0x000000061bc00000| PB 0x000000061bc00000| Untracked 
|  56|0x000000061c000000, 0x000000061c000000, 0x000000061c400000|  0%| F|  |TAMS 0x000000061c000000| PB 0x000000061c000000| Untracked 
|  57|0x000000061c400000, 0x000000061c400000, 0x000000061c800000|  0%| F|  |TAMS 0x000000061c400000| PB 0x000000061c400000| Untracked 
|  58|0x000000061c800000, 0x000000061c800000, 0x000000061cc00000|  0%| F|  |TAMS 0x000000061c800000| PB 0x000000061c800000| Untracked 
|  59|0x000000061cc00000, 0x000000061cc00000, 0x000000061d000000|  0%| F|  |TAMS 0x000000061cc00000| PB 0x000000061cc00000| Untracked 
|  60|0x000000061d000000, 0x000000061d000000, 0x000000061d400000|  0%| F|  |TAMS 0x000000061d000000| PB 0x000000061d000000| Untracked 
|  61|0x000000061d400000, 0x000000061d400000, 0x000000061d800000|  0%| F|  |TAMS 0x000000061d400000| PB 0x000000061d400000| Untracked 
|  62|0x000000061d800000, 0x000000061d800000, 0x000000061dc00000|  0%| F|  |TAMS 0x000000061d800000| PB 0x000000061d800000| Untracked 
|  63|0x000000061dc00000, 0x000000061dc00000, 0x000000061e000000|  0%| F|  |TAMS 0x000000061dc00000| PB 0x000000061dc00000| Untracked 
|  64|0x000000061e000000, 0x000000061e000000, 0x000000061e400000|  0%| F|  |TAMS 0x000000061e000000| PB 0x000000061e000000| Untracked 
|  65|0x000000061e400000, 0x000000061e400000, 0x000000061e800000|  0%| F|  |TAMS 0x000000061e400000| PB 0x000000061e400000| Untracked 
|  66|0x000000061e800000, 0x000000061e800000, 0x000000061ec00000|  0%| F|  |TAMS 0x000000061e800000| PB 0x000000061e800000| Untracked 
|  67|0x000000061ec00000, 0x000000061ec00000, 0x000000061f000000|  0%| F|  |TAMS 0x000000061ec00000| PB 0x000000061ec00000| Untracked 
|  68|0x000000061f000000, 0x000000061f000000, 0x000000061f400000|  0%| F|  |TAMS 0x000000061f000000| PB 0x000000061f000000| Untracked 
|  69|0x000000061f400000, 0x000000061f400000, 0x000000061f800000|  0%| F|  |TAMS 0x000000061f400000| PB 0x000000061f400000| Untracked 
|  70|0x000000061f800000, 0x000000061f800000, 0x000000061fc00000|  0%| F|  |TAMS 0x000000061f800000| PB 0x000000061f800000| Untracked 
|  71|0x000000061fc00000, 0x000000061fc00000, 0x0000000620000000|  0%| F|  |TAMS 0x000000061fc00000| PB 0x000000061fc00000| Untracked 
|  72|0x0000000620000000, 0x0000000620000000, 0x0000000620400000|  0%| F|  |TAMS 0x0000000620000000| PB 0x0000000620000000| Untracked 
|  73|0x0000000620400000, 0x0000000620400000, 0x0000000620800000|  0%| F|  |TAMS 0x0000000620400000| PB 0x0000000620400000| Untracked 
|  74|0x0000000620800000, 0x0000000620800000, 0x0000000620c00000|  0%| F|  |TAMS 0x0000000620800000| PB 0x0000000620800000| Untracked 
|  75|0x0000000620c00000, 0x0000000620c00000, 0x0000000621000000|  0%| F|  |TAMS 0x0000000620c00000| PB 0x0000000620c00000| Untracked 
|  76|0x0000000621000000, 0x0000000621000000, 0x0000000621400000|  0%| F|  |TAMS 0x0000000621000000| PB 0x0000000621000000| Untracked 
|  77|0x0000000621400000, 0x0000000621400000, 0x0000000621800000|  0%| F|  |TAMS 0x0000000621400000| PB 0x0000000621400000| Untracked 
|  78|0x0000000621800000, 0x0000000621800000, 0x0000000621c00000|  0%| F|  |TAMS 0x0000000621800000| PB 0x0000000621800000| Untracked 
|  79|0x0000000621c00000, 0x0000000621c00000, 0x0000000622000000|  0%| F|  |TAMS 0x0000000621c00000| PB 0x0000000621c00000| Untracked 
|  80|0x0000000622000000, 0x0000000622000000, 0x0000000622400000|  0%| F|  |TAMS 0x0000000622000000| PB 0x0000000622000000| Untracked 
|  81|0x0000000622400000, 0x0000000622400000, 0x0000000622800000|  0%| F|  |TAMS 0x0000000622400000| PB 0x0000000622400000| Untracked 
|  82|0x0000000622800000, 0x0000000622800000, 0x0000000622c00000|  0%| F|  |TAMS 0x0000000622800000| PB 0x0000000622800000| Untracked 
|  83|0x0000000622c00000, 0x0000000622c00000, 0x0000000623000000|  0%| F|  |TAMS 0x0000000622c00000| PB 0x0000000622c00000| Untracked 
|  84|0x0000000623000000, 0x0000000623000000, 0x0000000623400000|  0%| F|  |TAMS 0x0000000623000000| PB 0x0000000623000000| Untracked 
|  85|0x0000000623400000, 0x0000000623400000, 0x0000000623800000|  0%| F|  |TAMS 0x0000000623400000| PB 0x0000000623400000| Untracked 
|  86|0x0000000623800000, 0x0000000623800000, 0x0000000623c00000|  0%| F|  |TAMS 0x0000000623800000| PB 0x0000000623800000| Untracked 
|  87|0x0000000623c00000, 0x0000000623c00000, 0x0000000624000000|  0%| F|  |TAMS 0x0000000623c00000| PB 0x0000000623c00000| Untracked 
|  88|0x0000000624000000, 0x0000000624000000, 0x0000000624400000|  0%| F|  |TAMS 0x0000000624000000| PB 0x0000000624000000| Untracked 
|  89|0x0000000624400000, 0x0000000624400000, 0x0000000624800000|  0%| F|  |TAMS 0x0000000624400000| PB 0x0000000624400000| Untracked 
|  90|0x0000000624800000, 0x0000000624800000, 0x0000000624c00000|  0%| F|  |TAMS 0x0000000624800000| PB 0x0000000624800000| Untracked 
|  91|0x0000000624c00000, 0x0000000624c00000, 0x0000000625000000|  0%| F|  |TAMS 0x0000000624c00000| PB 0x0000000624c00000| Untracked 
|  92|0x0000000625000000, 0x0000000625000000, 0x0000000625400000|  0%| F|  |TAMS 0x0000000625000000| PB 0x0000000625000000| Untracked 
|  93|0x0000000625400000, 0x0000000625400000, 0x0000000625800000|  0%| F|  |TAMS 0x0000000625400000| PB 0x0000000625400000| Untracked 
|  94|0x0000000625800000, 0x0000000625800000, 0x0000000625c00000|  0%| F|  |TAMS 0x0000000625800000| PB 0x0000000625800000| Untracked 
|  95|0x0000000625c00000, 0x0000000625c00000, 0x0000000626000000|  0%| F|  |TAMS 0x0000000625c00000| PB 0x0000000625c00000| Untracked 
|  96|0x0000000626000000, 0x0000000626000000, 0x0000000626400000|  0%| F|  |TAMS 0x0000000626000000| PB 0x0000000626000000| Untracked 
|  97|0x0000000626400000, 0x0000000626400000, 0x0000000626800000|  0%| F|  |TAMS 0x0000000626400000| PB 0x0000000626400000| Untracked 
|  98|0x0000000626800000, 0x0000000626800000, 0x0000000626c00000|  0%| F|  |TAMS 0x0000000626800000| PB 0x0000000626800000| Untracked 
|  99|0x0000000626c00000, 0x0000000626c00000, 0x0000000627000000|  0%| F|  |TAMS 0x0000000626c00000| PB 0x0000000626c00000| Untracked 
| 100|0x0000000627000000, 0x0000000627000000, 0x0000000627400000|  0%| F|  |TAMS 0x0000000627000000| PB 0x0000000627000000| Untracked 
| 101|0x0000000627400000, 0x0000000627400000, 0x0000000627800000|  0%| F|  |TAMS 0x0000000627400000| PB 0x0000000627400000| Untracked 
| 102|0x0000000627800000, 0x0000000627800000, 0x0000000627c00000|  0%| F|  |TAMS 0x0000000627800000| PB 0x0000000627800000| Untracked 
| 103|0x0000000627c00000, 0x0000000627c00000, 0x0000000628000000|  0%| F|  |TAMS 0x0000000627c00000| PB 0x0000000627c00000| Untracked 
| 104|0x0000000628000000, 0x0000000628000000, 0x0000000628400000|  0%| F|  |TAMS 0x0000000628000000| PB 0x0000000628000000| Untracked 
| 105|0x0000000628400000, 0x0000000628400000, 0x0000000628800000|  0%| F|  |TAMS 0x0000000628400000| PB 0x0000000628400000| Untracked 
| 106|0x0000000628800000, 0x0000000628800000, 0x0000000628c00000|  0%| F|  |TAMS 0x0000000628800000| PB 0x0000000628800000| Untracked 
| 107|0x0000000628c00000, 0x0000000628c00000, 0x0000000629000000|  0%| F|  |TAMS 0x0000000628c00000| PB 0x0000000628c00000| Untracked 
| 108|0x0000000629000000, 0x0000000629000000, 0x0000000629400000|  0%| F|  |TAMS 0x0000000629000000| PB 0x0000000629000000| Untracked 
| 109|0x0000000629400000, 0x0000000629400000, 0x0000000629800000|  0%| F|  |TAMS 0x0000000629400000| PB 0x0000000629400000| Untracked 
| 110|0x0000000629800000, 0x0000000629800000, 0x0000000629c00000|  0%| F|  |TAMS 0x0000000629800000| PB 0x0000000629800000| Untracked 
| 111|0x0000000629c00000, 0x0000000629c00000, 0x000000062a000000|  0%| F|  |TAMS 0x0000000629c00000| PB 0x0000000629c00000| Untracked 
| 112|0x000000062a000000, 0x000000062a000000, 0x000000062a400000|  0%| F|  |TAMS 0x000000062a000000| PB 0x000000062a000000| Untracked 
| 113|0x000000062a400000, 0x000000062a400000, 0x000000062a800000|  0%| F|  |TAMS 0x000000062a400000| PB 0x000000062a400000| Untracked 
| 114|0x000000062a800000, 0x000000062a800000, 0x000000062ac00000|  0%| F|  |TAMS 0x000000062a800000| PB 0x000000062a800000| Untracked 
| 115|0x000000062ac00000, 0x000000062ac00000, 0x000000062b000000|  0%| F|  |TAMS 0x000000062ac00000| PB 0x000000062ac00000| Untracked 
| 116|0x000000062b000000, 0x000000062b000000, 0x000000062b400000|  0%| F|  |TAMS 0x000000062b000000| PB 0x000000062b000000| Untracked 
| 117|0x000000062b400000, 0x000000062b400000, 0x000000062b800000|  0%| F|  |TAMS 0x000000062b400000| PB 0x000000062b400000| Untracked 
| 118|0x000000062b800000, 0x000000062b800000, 0x000000062bc00000|  0%| F|  |TAMS 0x000000062b800000| PB 0x000000062b800000| Untracked 
| 119|0x000000062bc00000, 0x000000062bc00000, 0x000000062c000000|  0%| F|  |TAMS 0x000000062bc00000| PB 0x000000062bc00000| Untracked 
| 120|0x000000062c000000, 0x000000062c000000, 0x000000062c400000|  0%| F|  |TAMS 0x000000062c000000| PB 0x000000062c000000| Untracked 
| 121|0x000000062c400000, 0x000000062c400000, 0x000000062c800000|  0%| F|  |TAMS 0x000000062c400000| PB 0x000000062c400000| Untracked 
| 122|0x000000062c800000, 0x000000062c800000, 0x000000062cc00000|  0%| F|  |TAMS 0x000000062c800000| PB 0x000000062c800000| Untracked 
| 123|0x000000062cc00000, 0x000000062cf2c2d0, 0x000000062d000000| 79%| E|  |TAMS 0x000000062cc00000| PB 0x000000062cc00000| Complete 
| 124|0x000000062d000000, 0x000000062d400000, 0x000000062d400000|100%| E|CS|TAMS 0x000000062d000000| PB 0x000000062d000000| Complete 

Card table byte_map: [0x000001b2a73f0000,0x000001b2a8380000] _byte_map_base: 0x000001b2a4380000

Marking Bits: (CMBitMap*) 0x000001b28e57fd20
 Bits: [0x000001b2a8380000, 0x000001b2b0000000)

Polling page: 0x000001b28c2e0000

Metaspace:

Usage:
  Non-class:      2.44 MB used.
      Class:    174.07 KB used.
       Both:      2.61 MB used.

Virtual space:
  Non-class space:       64.00 MB reserved,       2.50 MB (  4%) committed,  1 nodes.
      Class space:        1.00 GB reserved,     256.00 KB ( <1%) committed,  1 nodes.
             Both:        1.06 GB reserved,       2.75 MB ( <1%) committed. 

Chunk freelists:
   Non-Class:  10.89 MB
       Class:  15.67 MB
        Both:  26.56 MB

MaxMetaspaceSize: unlimited
CompressedClassSpaceSize: 1.00 GB
Initial GC threshold: 21.00 MB
Current GC threshold: 21.00 MB
CDS: on
 - commit_granule_bytes: 65536.
 - commit_granule_words: 8192.
 - virtual_space_node_default_size: 8388608.
 - enlarge_chunks_in_place: 1.
 - use_allocation_guard: 0.


Internal statistics:

num_allocs_failed_limit: 0.
num_arena_births: 60.
num_arena_deaths: 0.
num_vsnodes_births: 2.
num_vsnodes_deaths: 0.
num_space_committed: 44.
num_space_uncommitted: 0.
num_chunks_returned_to_freelist: 0.
num_chunks_taken_from_freelist: 117.
num_chunk_merges: 0.
num_chunk_splits: 79.
num_chunks_enlarged: 52.
num_inconsistent_stats: 0.

CodeHeap 'non-profiled nmethods': size=119168Kb used=166Kb max_used=166Kb free=119002Kb
 bounds [0x000001b29e770000, 0x000001b29e9e0000, 0x000001b2a5bd0000]
CodeHeap 'profiled nmethods': size=119104Kb used=835Kb max_used=835Kb free=118268Kb
 bounds [0x000001b296bd0000, 0x000001b296e40000, 0x000001b29e020000]
CodeHeap 'non-nmethods': size=7488Kb used=4061Kb max_used=4074Kb free=3427Kb
 bounds [0x000001b29e020000, 0x000001b29e420000, 0x000001b29e770000]
 total_blobs=1617 nmethods=575 adapters=944
 compilation: enabled
              stopped_count=0, restarted_count=0
 full_count=0

Compilation events (20 events):
Event: 0.148 Thread 0x000001b2f40a1fc0  568       3       org.lwjgl.system.MemoryUtil::memAddress0 (11 bytes)
Event: 0.148 Thread 0x000001b2f420ac00 nmethod 564 0x000001b296c9d890 code [0x000001b296c9da40, 0x000001b296c9dc70]
Event: 0.148 Thread 0x000001b2f459b000 nmethod 566 0x000001b296c9dd10 code [0x000001b296c9dea0, 0x000001b296c9dfb0]
Event: 0.148 Thread 0x000001b2f420ac00  569       3       org.lwjgl.system.MemoryUtil::memAddress (11 bytes)
Event: 0.148 Thread 0x000001b2f459b000  570       3       org.lwjgl.system.MemoryStack::stackGet (10 bytes)
Event: 0.148 Thread 0x000001b2b01fdd20 nmethod 567 0x000001b296c9e090 code [0x000001b296c9e240, 0x000001b296c9e430]
Event: 0.148 Thread 0x000001b2f40a1fc0 nmethod 568 0x000001b296c9e510 code [0x000001b296c9e6c0, 0x000001b296c9e890]
Event: 0.148 Thread 0x000001b2f420ac00 nmethod 569 0x000001b296c9e990 code [0x000001b296c9eb40, 0x000001b296c9ed60]
Event: 0.148 Thread 0x000001b2f40a1fc0  571       3       java.lang.ThreadLocal::get (8 bytes)
Event: 0.148 Thread 0x000001b2b01fdd20  572       3       org.lwjgl.system.MemoryStack::nmalloc (61 bytes)
Event: 0.148 Thread 0x000001b2f420ac00  573       3       sun.misc.Unsafe::putLong (11 bytes)
Event: 0.148 Thread 0x000001b2f459b000 nmethod 570 0x000001b296c9ee90 code [0x000001b296c9f040, 0x000001b296c9f350]
Event: 0.148 Thread 0x000001b2f40a1fc0 nmethod 571 0x000001b296c9f410 code [0x000001b296c9f5c0, 0x000001b296c9f718]
Event: 0.148 Thread 0x000001b2f420ac00 nmethod 573 0x000001b296c9f790 code [0x000001b296c9f920, 0x000001b296c9fa30]
Event: 0.148 Thread 0x000001b2f459b000  574       3       org.lwjgl.system.MemoryStack::stackPush (7 bytes)
Event: 0.148 Thread 0x000001b2f40a1fc0  575       3       org.lwjgl.system.APIUtil::apiGetFunctionAddress (20 bytes)
Event: 0.149 Thread 0x000001b2b01fdd20 nmethod 572 0x000001b296c9fb10 code [0x000001b296c9fce0, 0x000001b296c9ff98]
Event: 0.149 Thread 0x000001b2b01eaa20 nmethod 565 0x000001b29e799510 code [0x000001b29e799680, 0x000001b29e7996f8]
Event: 0.149 Thread 0x000001b2f459b000 nmethod 574 0x000001b296ca0090 code [0x000001b296ca0260, 0x000001b296ca0690]
Event: 0.149 Thread 0x000001b2f40a1fc0 nmethod 575 0x000001b296ca0810 code [0x000001b296ca09e0, 0x000001b296ca0c48]

GC Heap History (0 events):
No events

Dll operation events (7 events):
Event: 0.003 Loaded shared library C:\Program Files\Eclipse Adoptium\jdk-21.0.7.6-hotspot\bin\java.dll
Event: 0.017 Loaded shared library C:\Program Files\Eclipse Adoptium\jdk-21.0.7.6-hotspot\bin\jsvml.dll
Event: 0.028 Loaded shared library C:\Program Files\Eclipse Adoptium\jdk-21.0.7.6-hotspot\bin\net.dll
Event: 0.029 Loaded shared library C:\Program Files\Eclipse Adoptium\jdk-21.0.7.6-hotspot\bin\nio.dll
Event: 0.031 Loaded shared library C:\Program Files\Eclipse Adoptium\jdk-21.0.7.6-hotspot\bin\zip.dll
Event: 0.052 Loaded shared library C:\Program Files\Eclipse Adoptium\jdk-21.0.7.6-hotspot\bin\jimage.dll
Event: 0.063 Loaded shared library C:\Users\Sandyy\AppData\Local\Temp\lwjgl_Sandyy\3.3.3+5\x64\lwjgl.dll

Deoptimization events (2 events):
Event: 0.133 Thread 0x000001b28e4d93b0 DEOPT PACKING pc=0x000001b296bea9cc sp=0x000000479a1fcf40
Event: 0.133 Thread 0x000001b28e4d93b0 DEOPT UNPACKING pc=0x000001b29e0788e2 sp=0x000000479a1fc360 mode 0

Classes loaded (20 events):
Event: 0.095 Loading class java/nio/DirectCharBufferU
Event: 0.095 Loading class java/nio/DirectCharBufferU done
Event: 0.095 Loading class java/nio/DirectFloatBufferU
Event: 0.095 Loading class java/nio/DirectFloatBufferU done
Event: 0.095 Loading class java/nio/DirectDoubleBufferU
Event: 0.095 Loading class java/nio/DirectDoubleBufferU done
Event: 0.095 Loading class sun/misc/Unsafe
Event: 0.095 Loading class sun/misc/Unsafe done
Event: 0.095 Loading class java/lang/invoke/DirectMethodHandle$StaticAccessor
Event: 0.095 Loading class java/lang/invoke/DirectMethodHandle$StaticAccessor done
Event: 0.096 Loading class java/util/function/LongPredicate
Event: 0.096 Loading class java/util/function/LongPredicate done
Event: 0.097 Loading class java/lang/foreign/MemorySegment
Event: 0.097 Loading class java/lang/foreign/MemorySegment done
Event: 0.099 Loading class java/nio/InvalidMarkException
Event: 0.100 Loading class java/nio/InvalidMarkException done
Event: 0.100 Loading class java/nio/BufferUnderflowException
Event: 0.100 Loading class java/nio/BufferUnderflowException done
Event: 0.101 Loading class java/lang/IndexOutOfBoundsException
Event: 0.101 Loading class java/lang/IndexOutOfBoundsException done

Classes unloaded (0 events):
No events

Classes redefined (0 events):
No events

Internal exceptions (19 events):
Event: 0.047 Thread 0x000001b28e4d93b0 Exception <a 'java/lang/NoSuchMethodError'{0x000000062cc6d840}: 'void java.lang.invoke.DirectMethodHandle$Holder.invokeStatic(java.lang.Object, java.lang.Object)'> (0x000000062cc6d840) 
thrown [s\src\hotspot\share\interpreter\linkResolver.cpp, line 773]
Event: 0.048 Thread 0x000001b28e4d93b0 Exception <a 'java/lang/NoSuchMethodError'{0x000000062cc72fe0}: 'void java.lang.System.load(java.lang.String, java.lang.Class)'> (0x000000062cc72fe0) 
thrown [s\src\hotspot\share\interpreter\linkResolver.cpp, line 773]
Event: 0.048 Thread 0x000001b28e4d93b0 Exception <a 'java/lang/NoSuchMethodError'{0x000000062cc73cb0}: 'void java.lang.invoke.DirectMethodHandle$Holder.invokeSpecial(java.lang.Object, java.lang.Object, java.lang.Object)'> (0x000000062cc73cb0) 
thrown [s\src\hotspot\share\interpreter\linkResolver.cpp, line 773]
Event: 0.049 Thread 0x000001b28e4d93b0 Exception <a 'java/lang/NoSuchMethodError'{0x000000062cc866b0}: 'java.lang.Object java.lang.invoke.DirectMethodHandle$Holder.invokeStatic(java.lang.Object, java.lang.Object, int)'> (0x000000062cc866b0) 
thrown [s\src\hotspot\share\interpreter\linkResolver.cpp, line 773]
Event: 0.050 Thread 0x000001b28e4d93b0 Exception <a 'java/lang/NoSuchMethodError'{0x000000062cc91f40}: 'void java.lang.invoke.DelegatingMethodHandle$Holder.delegate(java.lang.Object, java.lang.Object, int, java.lang.Object)'> (0x000000062cc91f40) 
thrown [s\src\hotspot\share\interpreter\linkResolver.cpp, line 773]
Event: 0.050 Thread 0x000001b28e4d93b0 Exception <a 'java/lang/NoSuchMethodError'{0x000000062cc95f68}: 'int java.lang.invoke.DirectMethodHandle$Holder.invokeSpecial(java.lang.Object, java.lang.Object, java.lang.Object)'> (0x000000062cc95f68) 
thrown [s\src\hotspot\share\interpreter\linkResolver.cpp, line 773]
Event: 0.051 Thread 0x000001b28e4d93b0 Exception <a 'java/lang/NoSuchMethodError'{0x000000062ccb09f0}: 'void java.lang.System.loadLibrary(java.lang.String, java.lang.Class)'> (0x000000062ccb09f0) 
thrown [s\src\hotspot\share\interpreter\linkResolver.cpp, line 773]
Event: 0.063 Thread 0x000001b28e4d93b0 Exception <a 'sun/nio/fs/WindowsException'{0x000000062cce5de0}> (0x000000062cce5de0) 
thrown [s\src\hotspot\share\prims\jni.cpp, line 520]
Event: 0.063 Thread 0x000001b28e4d93b0 Exception <a 'sun/nio/fs/WindowsException'{0x000000062cce6338}> (0x000000062cce6338) 
thrown [s\src\hotspot\share\prims\jni.cpp, line 520]
Event: 0.092 Thread 0x000001b28e4d93b0 Exception <a 'sun/nio/fs/WindowsException'{0x000000062cd66510}> (0x000000062cd66510) 
thrown [s\src\hotspot\share\prims\jni.cpp, line 520]
Event: 0.092 Thread 0x000001b28e4d93b0 Exception <a 'sun/nio/fs/WindowsException'{0x000000062cd66880}> (0x000000062cd66880) 
thrown [s\src\hotspot\share\prims\jni.cpp, line 520]
Event: 0.097 Thread 0x000001b28e4d93b0 Exception <a 'java/lang/NoSuchMethodError'{0x000000062cdb54f0}: 'int java.lang.invoke.DirectMethodHandle$Holder.invokeStaticInit(java.lang.Object, java.lang.Object, int, long)'> (0x000000062cdb54f0) 
thrown [s\src\hotspot\share\interpreter\linkResolver.cpp, line 773]
Event: 0.097 Thread 0x000001b28e4d93b0 Exception <a 'java/lang/NoSuchMethodError'{0x000000062cdba618}: 'java.lang.Object java.lang.invoke.DirectMethodHandle$Holder.newInvokeSpecial(java.lang.Object, java.lang.Object, int)'> (0x000000062cdba618) 
thrown [s\src\hotspot\share\interpreter\linkResolver.cpp, line 773]
Event: 0.098 Thread 0x000001b28e4d93b0 Exception <a 'java/lang/NoSuchMethodError'{0x000000062cdc94f8}: 'int java.lang.invoke.DirectMethodHandle$Holder.invokeStaticInit(java.lang.Object, java.lang.Object, long, long)'> (0x000000062cdc94f8) 
thrown [s\src\hotspot\share\interpreter\linkResolver.cpp, line 773]
Event: 0.098 Thread 0x000001b28e4d93b0 Exception <a 'java/lang/NoSuchMethodError'{0x000000062cdcefa0}: 'java.lang.Object java.lang.invoke.DirectMethodHandle$Holder.newInvokeSpecial(java.lang.Object, java.lang.Object, long)'> (0x000000062cdcefa0) 
thrown [s\src\hotspot\share\interpreter\linkResolver.cpp, line 773]
Event: 0.099 Thread 0x000001b28e4d93b0 Exception <a 'java/lang/NoSuchMethodError'{0x000000062cdd3108}: 'java.lang.Object java.lang.invoke.Invokers$Holder.linkToTargetMethod(java.lang.Object, long, java.lang.Object)'> (0x000000062cdd3108) 
thrown [s\src\hotspot\share\interpreter\linkResolver.cpp, line 773]
Event: 0.099 Thread 0x000001b28e4d93b0 Exception <a 'java/lang/NoSuchMethodError'{0x000000062cdda388}: 'int java.lang.invoke.DirectMethodHandle$Holder.invokeStaticInit(java.lang.Object, java.lang.Object, java.lang.Object, long)'> (0x000000062cdda388) 
thrown [s\src\hotspot\share\interpreter\linkResolver.cpp, line 773]
Event: 0.143 Thread 0x000001b28e4d93b0 Exception <a 'sun/nio/fs/WindowsException'{0x000000062ce8f2c8}> (0x000000062ce8f2c8) 
thrown [s\src\hotspot\share\prims\jni.cpp, line 520]
Event: 0.143 Thread 0x000001b28e4d93b0 Exception <a 'sun/nio/fs/WindowsException'{0x000000062ce8f638}> (0x000000062ce8f638) 
thrown [s\src\hotspot\share\prims\jni.cpp, line 520]

ZGC Phase Switch (0 events):
No events

VM Operations (2 events):
Event: 0.031 Executing VM operation: HandshakeAllThreads (Deoptimize)
Event: 0.031 Executing VM operation: HandshakeAllThreads (Deoptimize) done

Memory protections (0 events):
No events

Nmethod flushes (0 events):
No events

Events (15 events):
Event: 0.009 Thread 0x000001b28e4d93b0 Thread added: 0x000001b28e4d93b0
Event: 0.016 Thread 0x000001b28e4d93b0 Thread added: 0x000001b2b01c64b0
Event: 0.016 Thread 0x000001b28e4d93b0 Thread added: 0x000001b2b01cd110
Event: 0.016 Thread 0x000001b28e4d93b0 Thread added: 0x000001b2b01d42f0
Event: 0.016 Thread 0x000001b28e4d93b0 Thread added: 0x000001b2b01d5080
Event: 0.016 Thread 0x000001b28e4d93b0 Thread added: 0x000001b2b01d8710
Event: 0.016 Thread 0x000001b28e4d93b0 Thread added: 0x000001b2b01dbb90
Event: 0.016 Thread 0x000001b28e4d93b0 Thread added: 0x000001b2b01eaa20
Event: 0.016 Thread 0x000001b28e4d93b0 Thread added: 0x000001b2f40a1fc0
Event: 0.018 Thread 0x000001b2f40a1fc0 Thread added: 0x000001b2b01fdd20
Event: 0.024 Thread 0x000001b2f40a1fc0 Thread added: 0x000001b2f420ac00
Event: 0.025 Thread 0x000001b28e4d93b0 Thread added: 0x000001b2b01d8da0
Event: 0.026 Thread 0x000001b28e4d93b0 Thread added: 0x000001b2b01d9ac0
Event: 0.089 Thread 0x000001b2b01fdd20 Thread added: 0x000001b2f4444ae0
Event: 0.144 Thread 0x000001b2b01fdd20 Thread added: 0x000001b2f459b000


Dynamic libraries:
0x00007ff6abb40000 - 0x00007ff6abb4e000 	C:\Program Files\Eclipse Adoptium\jdk-21.0.7.6-hotspot\bin\java.exe
0x00007ffb93b00000 - 0x00007ffb93d67000 	C:\WINDOWS\SYSTEM32\ntdll.dll
0x00007ffb92e20000 - 0x00007ffb92ee9000 	C:\WINDOWS\System32\KERNEL32.DLL
0x00007ffb911d0000 - 0x00007ffb915bf000 	C:\WINDOWS\System32\KERNELBASE.dll
0x00007ffb915d0000 - 0x00007ffb9171b000 	C:\WINDOWS\System32\ucrtbase.dll
0x00007ffb1fed0000 - 0x00007ffb1fee8000 	C:\Program Files\Eclipse Adoptium\jdk-21.0.7.6-hotspot\bin\jli.dll
0x00007ffb76be0000 - 0x00007ffb76bfe000 	C:\Program Files\Eclipse Adoptium\jdk-21.0.7.6-hotspot\bin\VCRUNTIME140.dll
0x00007ffb93880000 - 0x00007ffb93a45000 	C:\WINDOWS\System32\USER32.dll
0x00007ffb90c50000 - 0x00007ffb90c77000 	C:\WINDOWS\System32\win32u.dll
0x00007ffb92df0000 - 0x00007ffb92e1b000 	C:\WINDOWS\System32\GDI32.dll
0x00007ffb6c3c0000 - 0x00007ffb6c653000 	C:\WINDOWS\WinSxS\amd64_microsoft.windows.common-controls_6595b64144ccf1df_6.0.26100.7309_none_3e05feeae336a044\COMCTL32.dll
0x00007ffb90d30000 - 0x00007ffb90e5c000 	C:\WINDOWS\System32\gdi32full.dll
0x00007ffb93710000 - 0x00007ffb937b9000 	C:\WINDOWS\System32\msvcrt.dll
0x00007ffb90c80000 - 0x00007ffb90d23000 	C:\WINDOWS\System32\msvcp_win.dll
0x00007ffb93840000 - 0x00007ffb93871000 	C:\WINDOWS\System32\IMM32.DLL
0x00007ffb6b820000 - 0x00007ffb6b82c000 	C:\Program Files\Eclipse Adoptium\jdk-21.0.7.6-hotspot\bin\vcruntime140_1.dll
0x00007ffb1d280000 - 0x00007ffb1d30d000 	C:\Program Files\Eclipse Adoptium\jdk-21.0.7.6-hotspot\bin\msvcp140.dll
0x00007ffb1a550000 - 0x00007ffb1b2e0000 	C:\Program Files\Eclipse Adoptium\jdk-21.0.7.6-hotspot\bin\server\jvm.dll
0x00007ffb92150000 - 0x00007ffb92204000 	C:\WINDOWS\System32\ADVAPI32.dll
0x00007ffb92f00000 - 0x00007ffb92fa6000 	C:\WINDOWS\System32\sechost.dll
0x00007ffb918a0000 - 0x00007ffb919b8000 	C:\WINDOWS\System32\RPCRT4.dll
0x00007ffb937c0000 - 0x00007ffb93834000 	C:\WINDOWS\System32\WS2_32.dll
0x00007ffb90ab0000 - 0x00007ffb90b0e000 	C:\WINDOWS\SYSTEM32\POWRPROF.dll
0x00007ffb82050000 - 0x00007ffb8205b000 	C:\WINDOWS\SYSTEM32\VERSION.dll
0x00007ffb87c20000 - 0x00007ffb87c55000 	C:\WINDOWS\SYSTEM32\WINMM.dll
0x00007ffb90a90000 - 0x00007ffb90aa4000 	C:\WINDOWS\SYSTEM32\UMPDC.dll
0x00007ffb8fa00000 - 0x00007ffb8fa1b000 	C:\WINDOWS\SYSTEM32\kernel.appcore.dll
0x00007ffb6a4e0000 - 0x00007ffb6a4ea000 	C:\Program Files\Eclipse Adoptium\jdk-21.0.7.6-hotspot\bin\jimage.dll
0x00007ffb86b60000 - 0x00007ffb86da2000 	C:\WINDOWS\SYSTEM32\DBGHELP.DLL
0x00007ffb929a0000 - 0x00007ffb92d26000 	C:\WINDOWS\System32\combase.dll
0x00007ffb923b0000 - 0x00007ffb92486000 	C:\WINDOWS\System32\OLEAUT32.dll
0x00007ffb71540000 - 0x00007ffb7157c000 	C:\WINDOWS\SYSTEM32\dbgcore.DLL
0x00007ffb91120000 - 0x00007ffb911c5000 	C:\WINDOWS\System32\bcryptPrimitives.dll
0x00007ffb1feb0000 - 0x00007ffb1fecf000 	C:\Program Files\Eclipse Adoptium\jdk-21.0.7.6-hotspot\bin\java.dll
0x00007ffb92fb0000 - 0x00007ffb93703000 	C:\WINDOWS\System32\SHELL32.dll
0x00007ffb90fb0000 - 0x00007ffb9111a000 	C:\WINDOWS\System32\wintypes.dll
0x00007ffb8e840000 - 0x00007ffb8f09e000 	C:\WINDOWS\SYSTEM32\windows.storage.dll
0x00007ffb91bd0000 - 0x00007ffb91cc5000 	C:\WINDOWS\System32\SHCORE.dll
0x00007ffb91b60000 - 0x00007ffb91bc6000 	C:\WINDOWS\System32\shlwapi.dll
0x00007ffb90b70000 - 0x00007ffb90b99000 	C:\WINDOWS\SYSTEM32\profapi.dll
0x00007ffb1a470000 - 0x00007ffb1a547000 	C:\Program Files\Eclipse Adoptium\jdk-21.0.7.6-hotspot\bin\jsvml.dll
0x00007ffb682b0000 - 0x00007ffb682c0000 	C:\Program Files\Eclipse Adoptium\jdk-21.0.7.6-hotspot\bin\net.dll
0x00007ffb87af0000 - 0x00007ffb87c18000 	C:\WINDOWS\SYSTEM32\WINHTTP.dll
0x00007ffb8ff70000 - 0x00007ffb8ffdb000 	C:\WINDOWS\system32\mswsock.dll
0x00007ffb1e370000 - 0x00007ffb1e386000 	C:\Program Files\Eclipse Adoptium\jdk-21.0.7.6-hotspot\bin\nio.dll
0x00007ffb1f400000 - 0x00007ffb1f418000 	C:\Program Files\Eclipse Adoptium\jdk-21.0.7.6-hotspot\bin\zip.dll
0x00007ffb5ddc0000 - 0x00007ffb5de3b000 	C:\Users\Sandyy\AppData\Local\Temp\lwjgl_Sandyy\3.3.3+5\x64\lwjgl.dll
0x00007ffb5a510000 - 0x00007ffb5a592000 	C:\Users\Sandyy\AppData\Local\Temp\lwjgl_Sandyy\3.3.3+5\x64\glfw.dll
0x00007ffa98b70000 - 0x00007ffa98bbb000 	C:\WINDOWS\SYSTEM32\dinput8.dll
0x00007ffa98bc0000 - 0x00007ffa98bdc000 	C:\WINDOWS\SYSTEM32\xinput1_4.dll
0x00007ffb907c0000 - 0x00007ffb90817000 	C:\WINDOWS\SYSTEM32\cfgmgr32.dll
0x00007ffb90790000 - 0x00007ffb907bd000 	C:\WINDOWS\SYSTEM32\DEVOBJ.dll
0x00007ffb8e180000 - 0x00007ffb8e1b0000 	C:\WINDOWS\SYSTEM32\dwmapi.dll
0x00007ffb722b0000 - 0x00007ffb72495000 	C:\WINDOWS\SYSTEM32\inputhost.dll
0x00007ffb8d470000 - 0x00007ffb8d597000 	C:\WINDOWS\SYSTEM32\CoreMessaging.dll
0x00007ffb8deb0000 - 0x00007ffb8df5b000 	C:\WINDOWS\system32\uxtheme.dll
0x00007ffb91f50000 - 0x00007ffb920ae000 	C:\WINDOWS\System32\MSCTF.dll
0x00007ffb90250000 - 0x00007ffb9025c000 	C:\WINDOWS\SYSTEM32\CRYPTBASE.DLL
0x00007ffb7eb30000 - 0x00007ffb7ec78000 	C:\WINDOWS\SYSTEM32\textinputframework.dll
0x00007ffb8b530000 - 0x00007ffb8b812000 	C:\WINDOWS\SYSTEM32\CoreUIComponents.dll
0x00007ffb47e80000 - 0x00007ffb48041000 	C:\Users\Sandyy\AppData\Local\Temp\lwjgl_Sandyy\3.3.3+5\x64\bgfx.dll

dbghelp: loaded successfully - version: 4.0.5 - missing functions: none
symbol engine: initialized successfully - sym options: 0x614 - pdb path: .;C:\Program Files\Eclipse Adoptium\jdk-21.0.7.6-hotspot\bin;C:\WINDOWS\SYSTEM32;C:\WINDOWS\WinSxS\amd64_microsoft.windows.common-controls_6595b64144ccf1df_6.0.26100.7309_none_3e05feeae336a044;C:\Program Files\Eclipse Adoptium\jdk-21.0.7.6-hotspot\bin\server;C:\Users\Sandyy\AppData\Local\Temp\lwjgl_Sandyy\3.3.3+5\x64

VM Arguments:
jvm_args: -Dfile.encoding=UTF-8 -Duser.country=AU -Duser.language=en -Duser.variant 
java_command: engine.strata.core.Window
java_class_path (initial): C:\Users\Sandyy\Documents\Idea Projects\StrataEngine\build\classes\java\main;C:\Users\Sandyy\Documents\Idea Projects\StrataEngine\build\resources\main;C:\Users\Sandyy\.gradle\caches\modules-2\files-2.1\org.lwjgl\lwjgl-bgfx\3.3.3\a19c4bfd1532863425098f05316726854aed8c51\lwjgl-bgfx-3.3.3.jar;C:\Users\Sandyy\.gradle\caches\modules-2\files-2.1\org.lwjgl\lwjgl-bgfx\3.3.3\2db0ad304f20677e9269311cb6cb5f4f2eed889\lwjgl-bgfx-3.3.3-natives-windows.jar;C:\Users\Sandyy\.gradle\caches\modules-2\files-2.1\org.lwjgl\lwjgl-glfw\3.3.3\efa1eb78c5ccd840e9f329717109b5e892d72f8e\lwjgl-glfw-3.3.3.jar;C:\Users\Sandyy\.gradle\caches\modules-2\files-2.1\org.lwjgl\lwjgl-glfw\3.3.3\e449e28b4891fc423c54c85fbc5bb0b9efece67a\lwjgl-glfw-3.3.3-natives-windows.jar;C:\Users\Sandyy\.gradle\caches\modules-2\files-2.1\org.lwjgl\lwjgl\3.3.3\29589b5f87ed335a6c7e7ee6a5775f81f97ecb84\lwjgl-3.3.3.jar;C:\Users\Sandyy\.gradle\caches\modules-2\files-2.1\org.lwjgl\lwjgl\3.3.3\a5ed18a2b82fc91b81f40d717cb1f64c9dcb0540\lwjgl-3.3.3-natives-windows.jar;C:\Users\Sandyy\.gradle\caches\modules-2\files-2.1\org.joml\joml\1.10.5\22566d58af70ad3d72308bab63b8339906deb649\joml-1.10.5.jar
Launcher Type: SUN_STANDARD

[Global flags]
     intx CICompilerCount                          = 12                                        {product} {ergonomic}
     uint ConcGCThreads                            = 3                                         {product} {ergonomic}
     uint G1ConcRefinementThreads                  = 13                                        {product} {ergonomic}
   size_t G1HeapRegionSize                         = 4194304                                   {product} {ergonomic}
    uintx GCDrainStackTargetSize                   = 64                                        {product} {ergonomic}
   size_t InitialHeapSize                          = 524288000                                 {product} {ergonomic}
   size_t MarkStackSize                            = 4194304                                   {product} {ergonomic}
   size_t MaxHeapSize                              = 8355053568                                {product} {ergonomic}
   size_t MaxNewSize                               = 5012193280                                {product} {ergonomic}
   size_t MinHeapDeltaBytes                        = 4194304                                   {product} {ergonomic}
   size_t MinHeapSize                              = 8388608                                   {product} {ergonomic}
    uintx NonNMethodCodeHeapSize                   = 7602480                                {pd product} {ergonomic}
    uintx NonProfiledCodeHeapSize                  = 122027880                              {pd product} {ergonomic}
    uintx ProfiledCodeHeapSize                     = 122027880                              {pd product} {ergonomic}
    uintx ReservedCodeCacheSize                    = 251658240                              {pd product} {ergonomic}
     bool SegmentedCodeCache                       = true                                      {product} {ergonomic}
   size_t SoftMaxHeapSize                          = 8355053568                             {manageable} {ergonomic}
     bool UseCompressedOops                        = true                           {product lp64_product} {ergonomic}
     bool UseG1GC                                  = true                                      {product} {ergonomic}
     bool UseLargePagesIndividualAllocation        = false                                  {pd product} {ergonomic}

Logging:
Log output configuration:
 #0: stdout all=warning uptime,level,tags foldmultilines=false
 #1: stderr all=off uptime,level,tags foldmultilines=false

Environment Variables:
JAVA_HOME=C:\Program Files\Eclipse Adoptium\jdk-21.0.7.6-hotspot
PATH=C:\Program Files\Python313\Scripts\;C:\Program Files\Python313\;C:\Program Files\Eclipse Adoptium\jdk-21.0.7.6-hotspot\bin;C:\Program Files\Eclipse Adoptium\jdk-17.0.15.6-hotspot\bin;C:\Program Files\Eclipse Adoptium\jdk-8.0.452.9-hotspot\bin;C:\WINDOWS\system32;C:\WINDOWS;C:\WINDOWS\System32\Wbem;C:\WINDOWS\System32\WindowsPowerShell\v1.0\;C:\WINDOWS\System32\OpenSSH\;C:\Program Files\Git\cmd;C:\Program Files\Microsoft VS Code\bin;C:\Program Files\dotnet\;C:\ProgramData\chocolatey\bin;C:\ProgramData\chocolatey\lib\mpvio.install\tools;C:\Users\Sandyy\AppData\Local\Microsoft\WindowsApps;;C:\Program Files\JetBrains\IntelliJ IDEA Community Edition 2025.1.3\bin;;C:\Users\Sandyy\.dotnet\tools
USERNAME=Sandyy
OS=Windows_NT
PROCESSOR_IDENTIFIER=AMD64 Family 25 Model 97 Stepping 2, AuthenticAMD
TMP=C:\Users\Sandyy\AppData\Local\Temp
TEMP=C:\Users\Sandyy\AppData\Local\Temp




Periodic native trim disabled

---------------  S Y S T E M  ---------------

OS:
 Windows 11 , 64 bit Build 26100 (10.0.26100.7623)
OS uptime: 1 days 9:40 hours
Hyper-V role detected

CPU: total 16 (initial active 16) (16 cores per cpu, 2 threads per core) family 25 model 97 stepping 2 microcode 0xa60120c, cx8, cmov, fxsr, ht, mmx, 3dnowpref, sse, sse2, sse3, ssse3, sse4a, sse4.1, sse4.2, popcnt, lzcnt, tsc, tscinvbit, avx, avx2, aes, erms, clmul, bmi1, bmi2, adx, avx512f, avx512dq, avx512cd, avx512bw, avx512vl, sha, fma, vzeroupper, avx512_vpopcntdq, avx512_vpclmulqdq, avx512_vaes, avx512_vnni, clflush, clflushopt, avx512_vbmi2, avx512_vbmi, hv, rdtscp, rdpid, fsrm, gfni, avx512_bitalg, f16c, cet_ss, avx512_ifma
Processor Information for the first 16 processors :
  Max Mhz: 4201, Current Mhz: 4201, Mhz Limit: 4201

Memory: 4k page, system-wide physical 31861M (11503M free)
TotalPageFile size 83061M (AvailPageFile size 48824M)
current process WorkingSet (physical memory assigned to process): 59M, peak: 59M
current process commit charge ("private bytes"): 609M, peak: 609M

vm_info: OpenJDK 64-Bit Server VM (21.0.7+6-LTS) for windows-amd64 JRE (21.0.7+6-LTS), built on 2025-04-15T00:00:00Z by "admin" with MS VC++ 17.7 (VS2022)

END.
